<?xml version="1.0" encoding="UTF-8"?>
<testng-results ignored="0" total="2" passed="2" failed="0" skipped="0">
  <reporter-output>
  </reporter-output>
  <suite started-at="2018-06-20T17:22:37Z" name="Default suite" finished-at="2018-06-20T17:22:38Z" duration-ms="1239">
    <groups>
    </groups>
    <test started-at="2018-06-20T17:22:37Z" name="Default test" finished-at="2018-06-20T17:22:38Z" duration-ms="1239">
      <class name="getRequest.GetData">
        <test-method signature="ResponseOutput()[pri:0, instance:getRequest.GetData@66d18979]" started-at="2018-06-20T17:22:37Z" name="ResponseOutput" finished-at="2018-06-20T17:22:38Z" duration-ms="1122" status="PASS">
          <reporter-output>
          </reporter-output>
        </test-method> <!-- ResponseOutput -->
        <test-method signature="testResponsecode()[pri:0, instance:getRequest.GetData@66d18979]" started-at="2018-06-20T17:22:38Z" name="testResponsecode" finished-at="2018-06-20T17:22:38Z" duration-ms="97" status="PASS">
          <reporter-output>
          </reporter-output>
        </test-method> <!-- testResponsecode -->
      </class> <!-- getRequest.GetData -->
    </test> <!-- Default test -->
  </suite> <!-- Default suite -->
</testng-results>
