<?xml version="1.0" encoding="UTF-8"?>
<testng-results ignored="0" total="2" passed="2" failed="0" skipped="0">
  <reporter-output>
  </reporter-output>
  <suite started-at="2018-06-19T21:16:02Z" name="Default suite" finished-at="2018-06-19T21:16:03Z" duration-ms="1237">
    <groups>
    </groups>
    <test started-at="2018-06-19T21:16:02Z" name="Default test" finished-at="2018-06-19T21:16:03Z" duration-ms="1237">
      <class name="getRequest.GetData">
        <test-method signature="ResponseOutput()[pri:0, instance:getRequest.GetData@77f80c04]" started-at="2018-06-19T21:16:02Z" name="ResponseOutput" finished-at="2018-06-19T21:16:03Z" duration-ms="1092" status="PASS">
          <reporter-output>
          </reporter-output>
        </test-method> <!-- ResponseOutput -->
        <test-method signature="testResponsecode()[pri:0, instance:getRequest.GetData@77f80c04]" started-at="2018-06-19T21:16:03Z" name="testResponsecode" finished-at="2018-06-19T21:16:03Z" duration-ms="126" status="PASS">
          <reporter-output>
          </reporter-output>
        </test-method> <!-- testResponsecode -->
      </class> <!-- getRequest.GetData -->
    </test> <!-- Default test -->
  </suite> <!-- Default suite -->
</testng-results>
